<?xml version="1.0" encoding="UTF-8"?>
<testng-results ignored="0" total="1" passed="1" failed="0" skipped="0">
  <reporter-output>
  </reporter-output>
  <suite started-at="2022-09-19T11:59:56 WAT" name="Default suite" finished-at="2022-09-19T12:00:31 WAT" duration-ms="35181">
    <groups>
    </groups>
    <test started-at="2022-09-19T11:59:56 WAT" name="Default test" finished-at="2022-09-19T12:00:31 WAT" duration-ms="35181">
      <class name="VbizTest.MakePaymentTest">
        <test-method signature="Verify_Other_Account_Add_Edit_And_Delete_Beneficiary()[pri:0, instance:VbizTest.MakePaymentTest@13e344d]" started-at="2022-09-19T11:59:56 WAT" name="Verify_Other_Account_Add_Edit_And_Delete_Beneficiary" finished-at="2022-09-19T12:00:31 WAT" duration-ms="35071" status="PASS">
          <reporter-output>
          </reporter-output>
        </test-method> <!-- Verify_Other_Account_Add_Edit_And_Delete_Beneficiary -->
      </class> <!-- VbizTest.MakePaymentTest -->
    </test> <!-- Default test -->
  </suite> <!-- Default suite -->
</testng-results>
